[GIN-debug] [WARNING] Running in "debug" mode. Switch to "release" mode in production.
 - using env:	export GIN_MODE=release
 - using code:	gin.SetMode(gin.ReleaseMode)

[GIN-debug] GET    /swagger/*any             --> github.com/swaggo/gin-swagger.CustomWrapHandler.func1 (3 handlers)
[GIN-debug] POST   /signup                   --> ticket-crawler/router/api.SignUp (3 handlers)
[GIN-debug] POST   /login                    --> ticket-crawler/router/api.Login (3 handlers)
[GIN-debug] GET    /api/v1/                  --> ticket-crawler/router.InitRouter.func1 (3 handlers)
[INFO][request.go:12]2021/07/11 20:29:45 [username不能重复]
[GIN] 2021/07/11 - 20:29:45 | 400 |    1.524949ms |             ::1 | POST     "/signup?username=zm&password=1234561221&rePassword=1234561221"
[GIN] 2021/07/11 - 20:29:50 | 500 |    3.014344ms |             ::1 | POST     "/signup?username=zm2&password=1234561221&rePassword=1234561221"
[GIN-debug] [WARNING] Running in "debug" mode. Switch to "release" mode in production.
 - using env:	export GIN_MODE=release
 - using code:	gin.SetMode(gin.ReleaseMode)

[GIN-debug] GET    /swagger/*any             --> github.com/swaggo/gin-swagger.CustomWrapHandler.func1 (3 handlers)
[GIN-debug] POST   /signup                   --> ticket-crawler/router/api.SignUp (3 handlers)
[GIN-debug] POST   /login                    --> ticket-crawler/router/api.Login (3 handlers)
[GIN-debug] GET    /api/v1/                  --> ticket-crawler/router.InitRouter.func1 (3 handlers)
[GIN-debug] [WARNING] Headers were already written. Wanted to override status code 500 with 200
[GIN] 2021/07/11 - 20:30:54 | 200 |  9.747440562s |             ::1 | POST     "/signup?username=zm2&password=1234561221&rePassword=1234561221"
[GIN] 2021/07/11 - 20:32:06 | 200 |   4.60804382s |             ::1 | POST     "/signup?username=zm2&password=1234561221&rePassword=1234561221"
[GIN-debug] [WARNING] Running in "debug" mode. Switch to "release" mode in production.
 - using env:	export GIN_MODE=release
 - using code:	gin.SetMode(gin.ReleaseMode)

[GIN-debug] GET    /swagger/*any             --> github.com/swaggo/gin-swagger.CustomWrapHandler.func1 (3 handlers)
[GIN-debug] POST   /signup                   --> ticket-crawler/router/api.SignUp (3 handlers)
[GIN-debug] POST   /login                    --> ticket-crawler/router/api.Login (3 handlers)
[GIN-debug] GET    /api/v1/                  --> ticket-crawler/router.InitRouter.func1 (3 handlers)
[GIN-debug] [WARNING] Headers were already written. Wanted to override status code 500 with 200
[GIN] 2021/07/11 - 20:35:52 | 200 |  3.523703961s |             ::1 | POST     "/signup?username=zm2&password=1234561221&rePassword=1234561221"
[GIN-debug] [WARNING] Running in "debug" mode. Switch to "release" mode in production.
 - using env:	export GIN_MODE=release
 - using code:	gin.SetMode(gin.ReleaseMode)

[GIN-debug] GET    /swagger/*any             --> github.com/swaggo/gin-swagger.CustomWrapHandler.func1 (3 handlers)
[GIN-debug] POST   /signup                   --> ticket-crawler/router/api.SignUp (3 handlers)
[GIN-debug] POST   /login                    --> ticket-crawler/router/api.Login (3 handlers)
[GIN-debug] GET    /api/v1/                  --> ticket-crawler/router.InitRouter.func1 (3 handlers)
[INFO][request.go:12]2021/07/11 20:58:18 [username不能重复]
[GIN] 2021/07/11 - 20:58:18 | 400 |    1.306844ms |             ::1 | POST     "/signup?username=zm2&password=1234561221&rePassword=1234561221"
[INFO][request.go:12]2021/07/11 20:58:20 [username不能重复]
[GIN] 2021/07/11 - 20:58:20 | 400 |     939.975µs |             ::1 | POST     "/signup?username=zm2&password=1234561221&rePassword=1234561221"
[GIN] 2021/07/11 - 20:58:28 | 200 |  1.485486806s |             ::1 | POST     "/signup?username=zm23&password=1234561221&rePassword=1234561221"
[GIN-debug] [WARNING] Running in "debug" mode. Switch to "release" mode in production.
 - using env:	export GIN_MODE=release
 - using code:	gin.SetMode(gin.ReleaseMode)

[GIN-debug] GET    /swagger/*any             --> github.com/swaggo/gin-swagger.CustomWrapHandler.func1 (3 handlers)
[GIN-debug] POST   /signup                   --> ticket-crawler/router/api.SignUp (3 handlers)
[GIN-debug] POST   /login                    --> ticket-crawler/router/api.Login (3 handlers)
[GIN-debug] GET    /api/v1/                  --> ticket-crawler/router.InitRouter.func1 (3 handlers)
[INFO][request.go:12]2021/07/11 20:59:54 [username不能重复]
[GIN] 2021/07/11 - 20:59:54 | 400 |    1.214401ms |             ::1 | POST     "/signup?username=zm23&password=1234561221&rePassword=1234561221"
[GIN-debug] [WARNING] Headers were already written. Wanted to override status code 500 with 200
[GIN] 2021/07/11 - 20:59:56 | 200 |     695.322µs |             ::1 | POST     "/signup?username=zm233&password=1234561221&rePassword=1234561221"
[GIN-debug] [WARNING] Running in "debug" mode. Switch to "release" mode in production.
 - using env:	export GIN_MODE=release
 - using code:	gin.SetMode(gin.ReleaseMode)

[GIN-debug] GET    /swagger/*any             --> github.com/swaggo/gin-swagger.CustomWrapHandler.func1 (3 handlers)
[GIN-debug] POST   /signup                   --> ticket-crawler/router/api.SignUp (3 handlers)
[GIN-debug] POST   /login                    --> ticket-crawler/router/api.Login (3 handlers)
[GIN-debug] GET    /api/v1/                  --> ticket-crawler/router.InitRouter.func1 (3 handlers)
[GIN] 2021/07/11 - 21:00:19 | 500 |    1.347775ms |             ::1 | POST     "/signup?username=zm233&password=1234561221&rePassword=1234561221"
[GIN-debug] [WARNING] Running in "debug" mode. Switch to "release" mode in production.
 - using env:	export GIN_MODE=release
 - using code:	gin.SetMode(gin.ReleaseMode)

[GIN-debug] GET    /swagger/*any             --> github.com/swaggo/gin-swagger.CustomWrapHandler.func1 (3 handlers)
[GIN-debug] POST   /signup                   --> ticket-crawler/router/api.SignUp (3 handlers)
[GIN-debug] POST   /login                    --> ticket-crawler/router/api.Login (3 handlers)
[GIN-debug] GET    /api/v1/                  --> ticket-crawler/router.InitRouter.func1 (3 handlers)
[GIN] 2021/07/11 - 21:00:36 | 500 |    2.723583ms |             ::1 | POST     "/signup?username=zm233&password=1234561221&rePassword=1234561221"
[GIN] 2021/07/11 - 21:01:33 | 500 |   10.326815ms |             ::1 | POST     "/signup?username=zm233&password=1234561221&rePassword=1234561221"
[GIN] 2021/07/11 - 21:02:11 | 500 |     3.74348ms |             ::1 | POST     "/signup?username=zm233&password=1234561221&rePassword=1234561221"
[GIN-debug] [WARNING] Running in "debug" mode. Switch to "release" mode in production.
 - using env:	export GIN_MODE=release
 - using code:	gin.SetMode(gin.ReleaseMode)

[GIN-debug] GET    /swagger/*any             --> github.com/swaggo/gin-swagger.CustomWrapHandler.func1 (3 handlers)
[GIN-debug] POST   /signup                   --> ticket-crawler/router/api.SignUp (3 handlers)
[GIN-debug] POST   /login                    --> ticket-crawler/router/api.Login (3 handlers)
[GIN-debug] GET    /api/v1/                  --> ticket-crawler/router.InitRouter.func1 (3 handlers)
[GIN] 2021/07/11 - 21:03:41 | 500 |    2.424678ms |             ::1 | POST     "/signup?username=zm233&password=1234561221&rePassword=1234561221"
[GIN] 2021/07/11 - 21:05:01 | 500 |    1.890143ms |             ::1 | POST     "/signup?username=zm233&password=1234561221&rePassword=1234561221"
