[GIN-debug] [WARNING] Running in "debug" mode. Switch to "release" mode in production.
 - using env:	export GIN_MODE=release
 - using code:	gin.SetMode(gin.ReleaseMode)

[GIN-debug] GET    /swagger/*any             --> github.com/swaggo/gin-swagger.CustomWrapHandler.func1 (3 handlers)
[GIN-debug] POST   /signup                   --> go-gin-template/router/api.SignUp (3 handlers)
[GIN-debug] POST   /login                    --> go-gin-template/router/api.Login (3 handlers)
[GIN-debug] GET    /api/v1/test-token        --> go-gin-template/router/api/v1.TestToken (4 handlers)
[GIN] 2021/07/25 - 14:52:14 | 200 |    1.3459249s |             ::1 | POST     "/login"
time="2021-07-25T14:52:23+08:00" level=info msg="&{ID:1 Username:zm Phone:0 StandardClaims:{Audience: ExpiresAt:1627217534 Id: IssuedAt:0 Issuer:go-gin-template NotBefore:0 Subject:}}" func=go-gin-template/router/api/v1.TestToken file="C:/Users/zm/Desktop/code/go-gin-template/router/api/v1/test.go:22"
[GIN] 2021/07/25 - 14:52:23 | 200 |      1.0004ms |             ::1 | GET      "/api/v1/test-token"
[GIN-debug] [WARNING] Running in "debug" mode. Switch to "release" mode in production.
 - using env:	export GIN_MODE=release
 - using code:	gin.SetMode(gin.ReleaseMode)

[GIN-debug] GET    /swagger/*any             --> github.com/swaggo/gin-swagger.CustomWrapHandler.func1 (3 handlers)
[GIN-debug] POST   /signup                   --> go-gin-template/router/api.SignUp (3 handlers)
[GIN-debug] POST   /login                    --> go-gin-template/router/api.Login (3 handlers)
[GIN-debug] GET    /api/v1/test-token        --> go-gin-template/router/api/v1.TestToken (4 handlers)
time="2021-07-25 15:07:02" level=info msg="&{ID:1 Username:zm Phone:0 StandardClaims:{Audience: ExpiresAt:1627217534 Id: IssuedAt:0 Issuer:go-gin-template NotBefore:0 Subject:}}" func=go-gin-template/router/api/v1.TestToken file="C:/Users/zm/Desktop/code/go-gin-template/router/api/v1/test.go:22"
time="2021-07-25 15:07:02" level=info msg="| 200 |      2.0014ms |             ::1 | GET | /api/v1/test-token |" func=go-gin-template/middleware.Logger.func1 file="C:/Users/zm/Desktop/code/go-gin-template/middleware/logger.go:27"
time="2021-07-25 15:08:58" level=info msg="&{ID:1 Username:zm Phone:0 StandardClaims:{Audience: ExpiresAt:1627217534 Id: IssuedAt:0 Issuer:go-gin-template NotBefore:0 Subject:}}" func=go-gin-template/router/api/v1.TestToken file="C:/Users/zm/Desktop/code/go-gin-template/router/api/v1/test.go:22"
time="2021-07-25 15:08:58" level=info msg="| 500 |      6.0044ms |             ::1 | GET | /api/v1/test-token |" func=go-gin-template/middleware.Logger.func1 file="C:/Users/zm/Desktop/code/go-gin-template/middleware/logger.go:27"
time="2021-07-25 15:11:22" level=info msg="&{ID:1 Username:zm Phone:0 StandardClaims:{Audience: ExpiresAt:1627217534 Id: IssuedAt:0 Issuer:go-gin-template NotBefore:0 Subject:}}" func=go-gin-template/router/api/v1.TestToken file="C:/Users/zm/Desktop/code/go-gin-template/router/api/v1/test.go:22"
time="2021-07-25 15:15:42" level=info msg="&{ID:1 Username:zm Phone:0 StandardClaims:{Audience: ExpiresAt:1627217534 Id: IssuedAt:0 Issuer:go-gin-template NotBefore:0 Subject:}}" func=go-gin-template/router/api/v1.TestToken file="C:/Users/zm/Desktop/code/go-gin-template/router/api/v1/test.go:22"
time="2021-07-25 15:16:23" level=info msg="&{ID:1 Username:zm Phone:0 StandardClaims:{Audience: ExpiresAt:1627217534 Id: IssuedAt:0 Issuer:go-gin-template NotBefore:0 Subject:}}" func=go-gin-template/router/api/v1.TestToken file="C:/Users/zm/Desktop/code/go-gin-template/router/api/v1/test.go:22"
time="2021-07-25 15:17:09" level=info msg="&{ID:1 Username:zm Phone:0 StandardClaims:{Audience: ExpiresAt:1627217534 Id: IssuedAt:0 Issuer:go-gin-template NotBefore:0 Subject:}}" func=go-gin-template/router/api/v1.TestToken file="C:/Users/zm/Desktop/code/go-gin-template/router/api/v1/test.go:22"
time="2021-07-25 15:18:22" level=info msg="&{ID:1 Username:zm Phone:0 StandardClaims:{Audience: ExpiresAt:1627217534 Id: IssuedAt:0 Issuer:go-gin-template NotBefore:0 Subject:}}" func=go-gin-template/router/api/v1.TestToken file="C:/Users/zm/Desktop/code/go-gin-template/router/api/v1/test.go:22"
time="2021-07-25 15:18:46" level=info msg="&{ID:1 Username:zm Phone:0 StandardClaims:{Audience: ExpiresAt:1627217534 Id: IssuedAt:0 Issuer:go-gin-template NotBefore:0 Subject:}}" func=go-gin-template/router/api/v1.TestToken file="C:/Users/zm/Desktop/code/go-gin-template/router/api/v1/test.go:22"
time="2021-07-25 15:18:46" level=info msg="| 200 |      1.0025ms |             ::1 | GET | /api/v1/test-token |" func=go-gin-template/middleware.Logger.func1 file="C:/Users/zm/Desktop/code/go-gin-template/middleware/logger.go:27"
time="2021-07-25 15:18:49" level=info msg="&{ID:1 Username:zm Phone:0 StandardClaims:{Audience: ExpiresAt:1627217534 Id: IssuedAt:0 Issuer:go-gin-template NotBefore:0 Subject:}}" func=go-gin-template/router/api/v1.TestToken file="C:/Users/zm/Desktop/code/go-gin-template/router/api/v1/test.go:22"
time="2021-07-25 15:18:49" level=info msg="| 200 |            0s |             ::1 | GET | /api/v1/test-token |" func=go-gin-template/middleware.Logger.func1 file="C:/Users/zm/Desktop/code/go-gin-template/middleware/logger.go:27"
time="2021-07-25 15:18:51" level=info msg="&{ID:1 Username:zm Phone:0 StandardClaims:{Audience: ExpiresAt:1627217534 Id: IssuedAt:0 Issuer:go-gin-template NotBefore:0 Subject:}}" func=go-gin-template/router/api/v1.TestToken file="C:/Users/zm/Desktop/code/go-gin-template/router/api/v1/test.go:22"
time="2021-07-25 15:18:51" level=info msg="| 200 |            0s |             ::1 | GET | /api/v1/test-token |" func=go-gin-template/middleware.Logger.func1 file="C:/Users/zm/Desktop/code/go-gin-template/middleware/logger.go:27"
time="2021-07-25 15:19:29" level=info msg="&{ID:1 Username:zm Phone:0 StandardClaims:{Audience: ExpiresAt:1627217534 Id: IssuedAt:0 Issuer:go-gin-template NotBefore:0 Subject:}}" func=go-gin-template/router/api/v1.TestToken file="C:/Users/zm/Desktop/code/go-gin-template/router/api/v1/test.go:22"
time="2021-07-25 15:19:38" level=info msg="| 200 | 999.5µs |             ::1 | GET | /api/v1/test-token |" func=go-gin-template/middleware.Logger.func1 file="C:/Users/zm/Desktop/code/go-gin-template/middleware/logger.go:27"
time="2021-07-25 15:20:12" level=info msg="&{ID:1 Username:zm Phone:0 StandardClaims:{Audience: ExpiresAt:1627217534 Id: IssuedAt:0 Issuer:go-gin-template NotBefore:0 Subject:}}" func=go-gin-template/router/api/v1.TestToken file="C:/Users/zm/Desktop/code/go-gin-template/router/api/v1/test.go:22"
time="2021-07-25 15:20:12" level=info msg="| 200 | 998.6µs | ::1 | GET | /api/v1/test-token |" func=go-gin-template/middleware.Logger.func1 file="C:/Users/zm/Desktop/code/go-gin-template/middleware/logger.go:27"
time="2021-07-25 15:20:31" level=info msg="&{ID:1 Username:zm Phone:0 StandardClaims:{Audience: ExpiresAt:1627217534 Id: IssuedAt:0 Issuer:go-gin-template NotBefore:0 Subject:}}" func=go-gin-template/router/api/v1.TestToken file="C:/Users/zm/Desktop/code/go-gin-template/router/api/v1/test.go:22"
time="2021-07-25 15:20:31" level=info msg="| 200 | 3.0038ms |             ::1 | GET | /api/v1/test-token |" func=go-gin-template/middleware.Logger.func1 file="C:/Users/zm/Desktop/code/go-gin-template/middleware/logger.go:27"
time="2021-07-25 15:22:26" level=info msg="&{ID:1 Username:zm Phone:0 StandardClaims:{Audience: ExpiresAt:1627217534 Id: IssuedAt:0 Issuer:go-gin-template NotBefore:0 Subject:}}" func=go-gin-template/router/api/v1.TestToken file="C:/Users/zm/Desktop/code/go-gin-template/router/api/v1/test.go:22"
time="2021-07-25 15:22:26" level=info msg="| 200 | 2.0012ms |             ::1 | GET | /api/v1/test-token |" func=go-gin-template/middleware.Logger.func1 file="C:/Users/zm/Desktop/code/go-gin-template/middleware/logger.go:27"
time="2021-07-25 15:22:31" level=info msg="| 200 | 1.3140959s |             ::1 | POST | /login |" func=go-gin-template/middleware.Logger.func1 file="C:/Users/zm/Desktop/code/go-gin-template/middleware/logger.go:27"
time="2021-07-25 15:22:34" level=error msg="username不能重复" func=go-gin-template/pkg/app.MarkErrors file="C:/Users/zm/Desktop/code/go-gin-template/pkg/app/request.go:12"
time="2021-07-25 15:22:34" level=info msg="| 400 | 1.001ms |             ::1 | POST | /signup |" func=go-gin-template/middleware.Logger.func1 file="C:/Users/zm/Desktop/code/go-gin-template/middleware/logger.go:27"
