 [GIN-debug] [WARNING] Running in "debug" mode. Switch to "release" mode in production.
 - using env:	export GIN_MODE=release
 - using code:	gin.SetMode(gin.ReleaseMode)

[GIN-debug] GET    /swagger/*any             --> github.com/swaggo/gin-swagger.CustomWrapHandler.func1 (3 handlers)
[GIN-debug] POST   /signup                   --> ticket-crawler/router/api.SignUp (3 handlers)
[GIN-debug] POST   /login                    --> ticket-crawler/router/api.Login (3 handlers)
[GIN-debug] GET    /api/v1/                  --> ticket-crawler/router.InitRouter.func1 (4 handlers)
[GIN] 2021/07/17 - 16:26:40 | 200 |    1.3466091s |             ::1 | POST     "/signup?username=zm&password=1234561221&rePassword=1234561221"
[GIN-debug] [WARNING] Running in "debug" mode. Switch to "release" mode in production.
 - using env:	export GIN_MODE=release
 - using code:	gin.SetMode(gin.ReleaseMode)

[GIN-debug] GET    /swagger/*any             --> github.com/swaggo/gin-swagger.CustomWrapHandler.func1 (3 handlers)
[GIN-debug] POST   /signup                   --> ticket-crawler/router/api.SignUp (3 handlers)
[GIN-debug] POST   /login                    --> ticket-crawler/router/api.Login (3 handlers)
[GIN-debug] GET    /api/v1/                  --> ticket-crawler/router.InitRouter.func1 (4 handlers)
[GIN] 2021/07/17 - 16:38:20 | 200 |       996.8µs |       127.0.0.1 | GET      "/swagger/index.html"
[GIN] 2021/07/17 - 16:38:20 | 200 |      1.0007ms |       127.0.0.1 | GET      "/swagger/swagger-ui.css"
[GIN] 2021/07/17 - 16:38:20 | 200 |       998.8µs |       127.0.0.1 | GET      "/swagger/swagger-ui-standalone-preset.js"
[GIN] 2021/07/17 - 16:38:20 | 200 |      1.9999ms |       127.0.0.1 | GET      "/swagger/swagger-ui-bundle.js"
[GIN] 2021/07/17 - 16:38:20 | 200 |            0s |       127.0.0.1 | GET      "/swagger/doc.json"
[GIN] 2021/07/17 - 16:38:21 | 200 |     150.001ms |       127.0.0.1 | GET      "/swagger/favicon-32x32.png"
[GIN-debug] [WARNING] Running in "debug" mode. Switch to "release" mode in production.
 - using env:	export GIN_MODE=release
 - using code:	gin.SetMode(gin.ReleaseMode)

[GIN-debug] GET    /swagger/*any             --> github.com/swaggo/gin-swagger.CustomWrapHandler.func1 (3 handlers)
[GIN-debug] POST   /signup                   --> ticket-crawler/router/api.SignUp (3 handlers)
[GIN-debug] POST   /login                    --> ticket-crawler/router/api.Login (3 handlers)
[GIN-debug] GET    /api/v1/                  --> ticket-crawler/router.InitRouter.func1 (4 handlers)
[GIN] 2021/07/17 - 16:39:48 | 200 |       998.7µs |       127.0.0.1 | GET      "/swagger/index.html"
[GIN] 2021/07/17 - 16:39:48 | 200 |      1.0007ms |       127.0.0.1 | GET      "/swagger/swagger-ui.css"
[GIN] 2021/07/17 - 16:39:48 | 200 |            0s |       127.0.0.1 | GET      "/swagger/swagger-ui-standalone-preset.js"
[GIN] 2021/07/17 - 16:39:48 | 200 |       998.6µs |       127.0.0.1 | GET      "/swagger/swagger-ui-bundle.js"
[GIN] 2021/07/17 - 16:39:48 | 200 |      1.0004ms |       127.0.0.1 | GET      "/swagger/doc.json"
[GIN] 2021/07/17 - 16:39:48 | 200 |    143.9968ms |       127.0.0.1 | GET      "/swagger/favicon-32x32.png"
[INFO][request.go:12]2021/07/17 16:43:41 [username为必填字段]
[INFO][request.go:12]2021/07/17 16:43:41 [password为必填字段]
[GIN] 2021/07/17 - 16:43:41 | 500 |    9.6399589s |             ::1 | POST     "/login"
[GIN-debug] [WARNING] Running in "debug" mode. Switch to "release" mode in production.
 - using env:	export GIN_MODE=release
 - using code:	gin.SetMode(gin.ReleaseMode)

[GIN-debug] GET    /swagger/*any             --> github.com/swaggo/gin-swagger.CustomWrapHandler.func1 (3 handlers)
[GIN-debug] POST   /signup                   --> ticket-crawler/router/api.SignUp (3 handlers)
[GIN-debug] POST   /login                    --> ticket-crawler/router/api.Login (3 handlers)
[GIN-debug] GET    /api/v1/                  --> ticket-crawler/router.InitRouter.func1 (4 handlers)
[GIN-debug] [WARNING] Running in "debug" mode. Switch to "release" mode in production.
 - using env:	export GIN_MODE=release
 - using code:	gin.SetMode(gin.ReleaseMode)

[GIN-debug] GET    /swagger/*any             --> github.com/swaggo/gin-swagger.CustomWrapHandler.func1 (3 handlers)
[GIN-debug] POST   /signup                   --> ticket-crawler/router/api.SignUp (3 handlers)
[GIN-debug] POST   /login                    --> ticket-crawler/router/api.Login (3 handlers)
[GIN-debug] GET    /api/v1/                  --> ticket-crawler/router.InitRouter.func1 (4 handlers)
[INFO][request.go:12]2021/07/17 17:03:22 [password长度必须至少为8个字符]
[GIN] 2021/07/17 - 17:03:22 | 400 |      1.0002ms |             ::1 | POST     "/login"
[GIN] 2021/07/17 - 17:03:29 | 401 |    1.2793326s |             ::1 | POST     "/login"
[GIN-debug] [WARNING] Running in "debug" mode. Switch to "release" mode in production.
 - using env:	export GIN_MODE=release
 - using code:	gin.SetMode(gin.ReleaseMode)

[GIN-debug] GET    /swagger/*any             --> github.com/swaggo/gin-swagger.CustomWrapHandler.func1 (3 handlers)
[GIN-debug] POST   /signup                   --> ticket-crawler/router/api.SignUp (3 handlers)
[GIN-debug] POST   /login                    --> ticket-crawler/router/api.Login (3 handlers)
[GIN-debug] GET    /api/v1/                  --> ticket-crawler/router.InitRouter.func1 (4 handlers)
[GIN] 2021/07/17 - 17:04:21 | 401 |    1.2698974s |             ::1 | POST     "/login"
[GIN] 2021/07/17 - 17:04:25 | 200 |    1.2673772s |             ::1 | POST     "/login"
[GIN-debug] [WARNING] Running in "debug" mode. Switch to "release" mode in production.
 - using env:	export GIN_MODE=release
 - using code:	gin.SetMode(gin.ReleaseMode)

[GIN-debug] GET    /swagger/*any             --> github.com/swaggo/gin-swagger.CustomWrapHandler.func1 (3 handlers)
[GIN-debug] POST   /signup                   --> ticket-crawler/router/api.SignUp (3 handlers)
[GIN-debug] POST   /login                    --> ticket-crawler/router/api.Login (3 handlers)
[GIN-debug] GET    /api/v1/test-token        --> ticket-crawler/router/api/v1.TestToken (4 handlers)
[GIN] 2021/07/17 - 17:41:13 | 404 |            0s |             ::1 | POST     "/test-token"
[GIN] 2021/07/17 - 17:41:17 | 404 |            0s |             ::1 | GET      "/test-token"
[GIN] 2021/07/17 - 17:41:39 | 400 |            0s |             ::1 | GET      "/api/v1/test-token"
[GIN] 2021/07/17 - 17:41:47 | 400 |            0s |             ::1 | GET      "/api/v1/test-token"
[GIN-debug] [WARNING] Running in "debug" mode. Switch to "release" mode in production.
 - using env:	export GIN_MODE=release
 - using code:	gin.SetMode(gin.ReleaseMode)

[GIN-debug] GET    /swagger/*any             --> github.com/swaggo/gin-swagger.CustomWrapHandler.func1 (3 handlers)
[GIN-debug] POST   /signup                   --> ticket-crawler/router/api.SignUp (3 handlers)
[GIN-debug] POST   /login                    --> ticket-crawler/router/api.Login (3 handlers)
[GIN-debug] GET    /api/v1/test-token        --> ticket-crawler/router/api/v1.TestToken (4 handlers)
[GIN-debug] [WARNING] Running in "debug" mode. Switch to "release" mode in production.
 - using env:	export GIN_MODE=release
 - using code:	gin.SetMode(gin.ReleaseMode)

[GIN-debug] GET    /swagger/*any             --> github.com/swaggo/gin-swagger.CustomWrapHandler.func1 (3 handlers)
[GIN-debug] POST   /signup                   --> ticket-crawler/router/api.SignUp (3 handlers)
[GIN-debug] POST   /login                    --> ticket-crawler/router/api.Login (3 handlers)
[GIN-debug] GET    /api/v1/test-token        --> ticket-crawler/router/api/v1.TestToken (4 handlers)
[GIN] 2021/07/17 - 17:43:06 | 400 |    4.9817957s |             ::1 | GET      "/api/v1/test-token"
[GIN-debug] [WARNING] Running in "debug" mode. Switch to "release" mode in production.
 - using env:	export GIN_MODE=release
 - using code:	gin.SetMode(gin.ReleaseMode)

[GIN-debug] GET    /swagger/*any             --> github.com/swaggo/gin-swagger.CustomWrapHandler.func1 (3 handlers)
[GIN-debug] POST   /signup                   --> ticket-crawler/router/api.SignUp (3 handlers)
[GIN-debug] POST   /login                    --> ticket-crawler/router/api.Login (3 handlers)
[GIN-debug] GET    /api/v1/test-token        --> ticket-crawler/router/api/v1.TestToken (4 handlers)
[GIN] 2021/07/17 - 17:44:04 | 200 |       998.4µs |             ::1 | GET      "/api/v1/test-token"
[GIN] 2021/07/17 - 17:44:06 | 400 |            0s |             ::1 | GET      "/api/v1/test-token"
[GIN] 2021/07/17 - 17:44:15 | 200 |            0s |             ::1 | GET      "/api/v1/test-token"
[GIN-debug] [WARNING] Running in "debug" mode. Switch to "release" mode in production.
 - using env:	export GIN_MODE=release
 - using code:	gin.SetMode(gin.ReleaseMode)

[GIN-debug] GET    /swagger/*any             --> github.com/swaggo/gin-swagger.CustomWrapHandler.func1 (3 handlers)
[GIN-debug] POST   /signup                   --> ticket-crawler/router/api.SignUp (3 handlers)
[GIN-debug] POST   /login                    --> ticket-crawler/router/api.Login (3 handlers)
[GIN-debug] GET    /api/v1/test-token        --> ticket-crawler/router/api/v1.TestToken (4 handlers)
[GIN-debug] [WARNING] Running in "debug" mode. Switch to "release" mode in production.
 - using env:	export GIN_MODE=release
 - using code:	gin.SetMode(gin.ReleaseMode)

[GIN-debug] GET    /swagger/*any             --> github.com/swaggo/gin-swagger.CustomWrapHandler.func1 (3 handlers)
[GIN-debug] POST   /signup                   --> ticket-crawler/router/api.SignUp (3 handlers)
[GIN-debug] POST   /login                    --> ticket-crawler/router/api.Login (3 handlers)
[GIN-debug] GET    /api/v1/test-token        --> ticket-crawler/router/api/v1.TestToken (4 handlers)
[GIN-debug] [WARNING] Running in "debug" mode. Switch to "release" mode in production.
 - using env:	export GIN_MODE=release
 - using code:	gin.SetMode(gin.ReleaseMode)

[GIN-debug] GET    /swagger/*any             --> github.com/swaggo/gin-swagger.CustomWrapHandler.func1 (3 handlers)
[GIN-debug] POST   /signup                   --> ticket-crawler/router/api.SignUp (3 handlers)
[GIN-debug] POST   /login                    --> ticket-crawler/router/api.Login (3 handlers)
[GIN-debug] GET    /api/v1/test-token        --> ticket-crawler/router/api/v1.TestToken (4 handlers)
[GIN-debug] [WARNING] Running in "debug" mode. Switch to "release" mode in production.
 - using env:	export GIN_MODE=release
 - using code:	gin.SetMode(gin.ReleaseMode)

[GIN-debug] GET    /swagger/*any             --> github.com/swaggo/gin-swagger.CustomWrapHandler.func1 (3 handlers)
[GIN-debug] POST   /signup                   --> ticket-crawler/router/api.SignUp (3 handlers)
[GIN-debug] POST   /login                    --> ticket-crawler/router/api.Login (3 handlers)
[GIN-debug] GET    /api/v1/test-token        --> ticket-crawler/router/api/v1.TestToken (4 handlers)
[GIN-debug] [WARNING] Running in "debug" mode. Switch to "release" mode in production.
 - using env:	export GIN_MODE=release
 - using code:	gin.SetMode(gin.ReleaseMode)

[GIN-debug] GET    /swagger/*any             --> github.com/swaggo/gin-swagger.CustomWrapHandler.func1 (3 handlers)
[GIN-debug] POST   /signup                   --> ticket-crawler/router/api.SignUp (3 handlers)
[GIN-debug] POST   /login                    --> ticket-crawler/router/api.Login (3 handlers)
[GIN-debug] GET    /api/v1/test-token        --> ticket-crawler/router/api/v1.TestToken (4 handlers)
[GIN-debug] [WARNING] Running in "debug" mode. Switch to "release" mode in production.
 - using env:	export GIN_MODE=release
 - using code:	gin.SetMode(gin.ReleaseMode)

[GIN-debug] GET    /swagger/*any             --> github.com/swaggo/gin-swagger.CustomWrapHandler.func1 (3 handlers)
[GIN-debug] POST   /signup                   --> ticket-crawler/router/api.SignUp (3 handlers)
[GIN-debug] POST   /login                    --> ticket-crawler/router/api.Login (3 handlers)
[GIN-debug] GET    /api/v1/test-token        --> ticket-crawler/router/api/v1.TestToken (4 handlers)
[GIN-debug] [WARNING] Running in "debug" mode. Switch to "release" mode in production.
 - using env:	export GIN_MODE=release
 - using code:	gin.SetMode(gin.ReleaseMode)

[GIN-debug] GET    /swagger/*any             --> github.com/swaggo/gin-swagger.CustomWrapHandler.func1 (3 handlers)
[GIN-debug] POST   /signup                   --> ticket-crawler/router/api.SignUp (3 handlers)
[GIN-debug] POST   /login                    --> ticket-crawler/router/api.Login (3 handlers)
[GIN-debug] GET    /api/v1/test-token        --> ticket-crawler/router/api/v1.TestToken (4 handlers)
[GIN] 2021/07/17 - 17:58:31 | 200 |    1.2685739s |             ::1 | POST     "/login"
[GIN-debug] [WARNING] Running in "debug" mode. Switch to "release" mode in production.
 - using env:	export GIN_MODE=release
 - using code:	gin.SetMode(gin.ReleaseMode)

[GIN-debug] GET    /swagger/*any             --> github.com/swaggo/gin-swagger.CustomWrapHandler.func1 (3 handlers)
[GIN-debug] POST   /signup                   --> ticket-crawler/router/api.SignUp (3 handlers)
[GIN-debug] POST   /login                    --> ticket-crawler/router/api.Login (3 handlers)
[GIN-debug] GET    /api/v1/test-token        --> ticket-crawler/router/api/v1.TestToken (4 handlers)
[GIN-debug] [WARNING] Running in "debug" mode. Switch to "release" mode in production.
 - using env:	export GIN_MODE=release
 - using code:	gin.SetMode(gin.ReleaseMode)

[GIN-debug] GET    /swagger/*any             --> github.com/swaggo/gin-swagger.CustomWrapHandler.func1 (3 handlers)
[GIN-debug] POST   /signup                   --> ticket-crawler/router/api.SignUp (3 handlers)
[GIN-debug] POST   /login                    --> ticket-crawler/router/api.Login (3 handlers)
[GIN-debug] GET    /api/v1/test-token        --> ticket-crawler/router/api/v1.TestToken (4 handlers)
[GIN-debug] [WARNING] Running in "debug" mode. Switch to "release" mode in production.
 - using env:	export GIN_MODE=release
 - using code:	gin.SetMode(gin.ReleaseMode)

[GIN-debug] GET    /swagger/*any             --> github.com/swaggo/gin-swagger.CustomWrapHandler.func1 (3 handlers)
[GIN-debug] POST   /signup                   --> ticket-crawler/router/api.SignUp (3 handlers)
[GIN-debug] POST   /login                    --> ticket-crawler/router/api.Login (3 handlers)
[GIN-debug] GET    /api/v1/test-token        --> ticket-crawler/router/api/v1.TestToken (4 handlers)
[INFO][test.go:14]2021/07/17 18:05:18 [0xc000454080]
[GIN] 2021/07/17 - 18:05:18 | 200 |       999.9µs |             ::1 | GET      "/api/v1/test-token"
[GIN-debug] [WARNING] Running in "debug" mode. Switch to "release" mode in production.
 - using env:	export GIN_MODE=release
 - using code:	gin.SetMode(gin.ReleaseMode)

[GIN-debug] GET    /swagger/*any             --> github.com/swaggo/gin-swagger.CustomWrapHandler.func1 (3 handlers)
[GIN-debug] POST   /signup                   --> ticket-crawler/router/api.SignUp (3 handlers)
[GIN-debug] POST   /login                    --> ticket-crawler/router/api.Login (3 handlers)
[GIN-debug] GET    /api/v1/test-token        --> ticket-crawler/router/api/v1.TestToken (4 handlers)
[INFO][test.go:14]2021/07/17 18:06:09 [0xc000064e10]
[GIN] 2021/07/17 - 18:06:09 | 200 |            0s |             ::1 | GET      "/api/v1/test-token"
[INFO][test.go:14]2021/07/17 18:06:12 [0xc00058c2e0]
[GIN] 2021/07/17 - 18:06:12 | 200 |            0s |             ::1 | GET      "/api/v1/test-token"
[GIN-debug] [WARNING] Running in "debug" mode. Switch to "release" mode in production.
 - using env:	export GIN_MODE=release
 - using code:	gin.SetMode(gin.ReleaseMode)

[GIN-debug] GET    /swagger/*any             --> github.com/swaggo/gin-swagger.CustomWrapHandler.func1 (3 handlers)
[GIN-debug] POST   /signup                   --> ticket-crawler/router/api.SignUp (3 handlers)
[GIN-debug] POST   /login                    --> ticket-crawler/router/api.Login (3 handlers)
[GIN-debug] GET    /api/v1/test-token        --> ticket-crawler/router/api/v1.TestToken (4 handlers)
[INFO][test.go:19]2021/07/17 18:07:07 [0xc000610420]
[GIN] 2021/07/17 - 18:07:07 | 200 |       999.4µs |             ::1 | GET      "/api/v1/test-token"
[GIN-debug] [WARNING] Running in "debug" mode. Switch to "release" mode in production.
 - using env:	export GIN_MODE=release
 - using code:	gin.SetMode(gin.ReleaseMode)

[GIN-debug] GET    /swagger/*any             --> github.com/swaggo/gin-swagger.CustomWrapHandler.func1 (3 handlers)
[GIN-debug] POST   /signup                   --> ticket-crawler/router/api.SignUp (3 handlers)
[GIN-debug] POST   /login                    --> ticket-crawler/router/api.Login (3 handlers)
[GIN-debug] GET    /api/v1/test-token        --> ticket-crawler/router/api/v1.TestToken (4 handlers)
[INFO][test.go:19]2021/07/17 18:08:11 [0xc000484180]
[GIN] 2021/07/17 - 18:08:11 | 200 |       997.7µs |             ::1 | GET      "/api/v1/test-token"
[GIN-debug] [WARNING] Running in "debug" mode. Switch to "release" mode in production.
 - using env:	export GIN_MODE=release
 - using code:	gin.SetMode(gin.ReleaseMode)

[GIN-debug] GET    /swagger/*any             --> github.com/swaggo/gin-swagger.CustomWrapHandler.func1 (3 handlers)
[GIN-debug] POST   /signup                   --> ticket-crawler/router/api.SignUp (3 handlers)
[GIN-debug] POST   /login                    --> ticket-crawler/router/api.Login (3 handlers)
[GIN-debug] GET    /api/v1/test-token        --> ticket-crawler/router/api/v1.TestToken (4 handlers)
[INFO][test.go:20]2021/07/17 18:08:48 [&{1 zm 0 { 1626537511  0 ticket-crawler 0 }}]
[GIN] 2021/07/17 - 18:08:48 | 200 |      1.0017ms |             ::1 | GET      "/api/v1/test-token"
[GIN-debug] [WARNING] Running in "debug" mode. Switch to "release" mode in production.
 - using env:	export GIN_MODE=release
 - using code:	gin.SetMode(gin.ReleaseMode)

[GIN-debug] GET    /swagger/*any             --> github.com/swaggo/gin-swagger.CustomWrapHandler.func1 (3 handlers)
[GIN-debug] POST   /signup                   --> ticket-crawler/router/api.SignUp (3 handlers)
[GIN-debug] POST   /login                    --> ticket-crawler/router/api.Login (3 handlers)
[GIN-debug] GET    /api/v1/test-token        --> ticket-crawler/router/api/v1.TestToken (4 handlers)
[INFO][test.go:20]2021/07/17 18:09:10 [&{ID:1 Username:zm Phone:0 StandardClaims:{Audience: ExpiresAt:1626537511 Id: IssuedAt:0 Issuer:ticket-crawler NotBefore:0 Subject:}}]
[GIN] 2021/07/17 - 18:09:10 | 200 |      1.0018ms |       127.0.0.1 | GET      "/api/v1/test-token"
[GIN-debug] [WARNING] Running in "debug" mode. Switch to "release" mode in production.
 - using env:	export GIN_MODE=release
 - using code:	gin.SetMode(gin.ReleaseMode)

[GIN-debug] GET    /swagger/*any             --> github.com/swaggo/gin-swagger.CustomWrapHandler.func1 (3 handlers)
[GIN-debug] POST   /signup                   --> ticket-crawler/router/api.SignUp (3 handlers)
[GIN-debug] POST   /login                    --> ticket-crawler/router/api.Login (3 handlers)
[GIN-debug] GET    /api/v1/test-token        --> ticket-crawler/router/api/v1.TestToken (4 handlers)
[GIN] 2021/07/17 - 18:10:44 | 200 |      1.0017ms |       127.0.0.1 | GET      "/swagger/index.html"
[GIN] 2021/07/17 - 18:10:45 | 200 |      1.0028ms |       127.0.0.1 | GET      "/swagger/swagger-ui.css"
[GIN] 2021/07/17 - 18:10:45 | 200 |           1ms |       127.0.0.1 | GET      "/swagger/swagger-ui-standalone-preset.js"
[GIN] 2021/07/17 - 18:10:45 | 200 |           1ms |       127.0.0.1 | GET      "/swagger/swagger-ui-bundle.js"
[GIN] 2021/07/17 - 18:10:45 | 200 |      1.0006ms |       127.0.0.1 | GET      "/swagger/doc.json"
[GIN] 2021/07/17 - 18:10:45 | 200 |    181.5183ms |       127.0.0.1 | GET      "/swagger/favicon-32x32.png"
